app/antivol-mobile/app/build/intermediates/manifest_merge_blame_file/debug/processDebugMainManifest/manifest-merger-blame-debug-report.txt
1<?xml version="1.0" encoding="utf-8"?>
2<manifest xmlns:android="http://schemas.android.com/apk/res/android"
3    package="com.antivol.mobile"
4    android:versionCode="1"
5    android:versionName="1.0" >
6
7    <uses-sdk
8        android:minSdkVersion="21"
9        android:targetSdkVersion="34" />
10
11    <uses-permission android:name="android.permission.INTERNET" />
11-->src\main\AndroidManifest.xml:5:5-67
11-->src\main\AndroidManifest.xml:5:22-64
12    <uses-permission android:name="android.permission.ACCESS_NETWORK_STATE" />
12-->src\main\AndroidManifest.xml:6:5-79
12-->src\main\AndroidManifest.xml:6:22-76
13    <uses-permission android:name="android.permission.RECEIVE_BOOT_COMPLETED" />
13-->src\main\AndroidManifest.xml:7:5-81
13-->src\main\AndroidManifest.xml:7:22-78
14    <uses-permission android:name="android.permission.FOREGROUND_SERVICE" />
14-->src\main\AndroidManifest.xml:8:5-77
14-->src\main\AndroidManifest.xml:8:22-74
15    <uses-permission android:name="android.permission.FOREGROUND_SERVICE_LOCATION" />
15-->src\main\AndroidManifest.xml:9:5-86
15-->src\main\AndroidManifest.xml:9:22-83
16    <uses-permission android:name="android.permission.SYSTEM_ALERT_WINDOW" />
16-->src\main\AndroidManifest.xml:10:5-78
16-->src\main\AndroidManifest.xml:10:22-75
17    <uses-permission android:name="android.permission.ACCESS_FINE_LOCATION" />
17-->src\main\AndroidManifest.xml:11:5-79
17-->src\main\AndroidManifest.xml:11:22-76
18    <uses-permission android:name="android.permission.ACCESS_COARSE_LOCATION" />
18-->src\main\AndroidManifest.xml:12:5-81
18-->src\main\AndroidManifest.xml:12:22-78
19    <uses-permission android:name="android.permission.REQUEST_IGNORE_BATTERY_OPTIMIZATIONS" />
19-->src\main\AndroidManifest.xml:13:5-95
19-->src\main\AndroidManifest.xml:13:22-92
20    <uses-permission android:name="android.permission.WAKE_LOCK" />
20-->src\main\AndroidManifest.xml:14:5-68
20-->src\main\AndroidManifest.xml:14:22-65
21    <uses-permission android:name="android.permission.POST_NOTIFICATIONS" /> <!-- Required by older versions of Google Play services to create IID tokens -->
21-->[com.google.firebase:firebase-messaging:24.0.2] AndroidManifest.xml:23:5-77
21-->[com.google.firebase:firebase-messaging:24.0.2] AndroidManifest.xml:23:22-74
22    <uses-permission android:name="com.google.android.c2dm.permission.RECEIVE" />
22-->[com.google.firebase:firebase-messaging:24.0.2] AndroidManifest.xml:26:5-82
22-->[com.google.firebase:firebase-messaging:24.0.2] AndroidManifest.xml:26:22-79
23    <uses-permission android:name="com.google.android.gms.permission.AD_ID" />
23-->[com.google.android.gms:play-services-measurement-api:22.1.2] AndroidManifest.xml:25:5-79
23-->[com.google.android.gms:play-services-measurement-api:22.1.2] AndroidManifest.xml:25:22-76
24    <uses-permission android:name="android.permission.ACCESS_ADSERVICES_ATTRIBUTION" />
24-->[com.google.android.gms:play-services-measurement-api:22.1.2] AndroidManifest.xml:26:5-88
24-->[com.google.android.gms:play-services-measurement-api:22.1.2] AndroidManifest.xml:26:22-85
25    <uses-permission android:name="android.permission.ACCESS_ADSERVICES_AD_ID" />
25-->[com.google.android.gms:play-services-measurement-api:22.1.2] AndroidManifest.xml:27:5-82
25-->[com.google.android.gms:play-services-measurement-api:22.1.2] AndroidManifest.xml:27:22-79
26    <uses-permission android:name="com.google.android.finsky.permission.BIND_GET_INSTALL_REFERRER_SERVICE" />
26-->[com.google.android.gms:play-services-measurement:22.1.2] AndroidManifest.xml:26:5-110
26-->[com.google.android.gms:play-services-measurement:22.1.2] AndroidManifest.xml:26:22-107
27
28    <permission
28-->[androidx.core:core:1.13.0] AndroidManifest.xml:22:5-24:47
29        android:name="com.antivol.mobile.DYNAMIC_RECEIVER_NOT_EXPORTED_PERMISSION"
29-->[androidx.core:core:1.13.0] AndroidManifest.xml:23:9-81
30        android:protectionLevel="signature" />
30-->[androidx.core:core:1.13.0] AndroidManifest.xml:24:9-44
31
32    <uses-permission android:name="com.antivol.mobile.DYNAMIC_RECEIVER_NOT_EXPORTED_PERMISSION" />
32-->[androidx.core:core:1.13.0] AndroidManifest.xml:26:5-97
32-->[androidx.core:core:1.13.0] AndroidManifest.xml:26:22-94
33
34    <application
34-->src\main\AndroidManifest.xml:16:5-96:19
35        android:allowBackup="true"
35-->src\main\AndroidManifest.xml:17:9-35
36        android:appComponentFactory="androidx.core.app.CoreComponentFactory"
36-->[androidx.core:core:1.13.0] AndroidManifest.xml:28:18-86
37        android:debuggable="true"
38        android:extractNativeLibs="true"
39        android:icon="@drawable/logo"
39-->src\main\AndroidManifest.xml:18:9-38
40        android:label="Nox AntiVol"
40-->src\main\AndroidManifest.xml:19:9-36
41        android:networkSecurityConfig="@xml/network_security_config"
41-->src\main\AndroidManifest.xml:22:9-69
42        android:theme="@style/Theme.Antivol"
42-->src\main\AndroidManifest.xml:20:9-45
43        android:usesCleartextTraffic="true" >
43-->src\main\AndroidManifest.xml:21:9-44
44        <activity
44-->src\main\AndroidManifest.xml:24:9-32:20
45            android:name="com.antivol.mobile.SplashActivity"
45-->src\main\AndroidManifest.xml:25:13-43
46            android:exported="true"
46-->src\main\AndroidManifest.xml:26:13-36
47            android:theme="@style/Theme.Antivol" >
47-->src\main\AndroidManifest.xml:27:13-49
48            <intent-filter>
48-->src\main\AndroidManifest.xml:28:13-31:29
49                <action android:name="android.intent.action.MAIN" />
49-->src\main\AndroidManifest.xml:29:17-69
49-->src\main\AndroidManifest.xml:29:25-66
50
51                <category android:name="android.intent.category.LAUNCHER" />
51-->src\main\AndroidManifest.xml:30:17-77
51-->src\main\AndroidManifest.xml:30:27-74
52            </intent-filter>
53        </activity>
54        <activity
54-->src\main\AndroidManifest.xml:34:9-37:90
55            android:name="com.antivol.mobile.LoginActivity"
55-->src\main\AndroidManifest.xml:35:13-42
56            android:configChanges="orientation|screenSize|screenLayout|keyboardHidden"
56-->src\main\AndroidManifest.xml:37:13-87
57            android:exported="false" />
57-->src\main\AndroidManifest.xml:36:13-37
58        <activity
58-->src\main\AndroidManifest.xml:39:9-42:90
59            android:name="com.antivol.mobile.RegisterActivity"
59-->src\main\AndroidManifest.xml:40:13-45
60            android:configChanges="orientation|screenSize|screenLayout|keyboardHidden"
60-->src\main\AndroidManifest.xml:42:13-87
61            android:exported="false" />
61-->src\main\AndroidManifest.xml:41:13-37
62        <activity
62-->src\main\AndroidManifest.xml:44:9-47:90
63            android:name="com.antivol.mobile.MainActivity"
63-->src\main\AndroidManifest.xml:45:13-41
64            android:configChanges="orientation|screenSize|screenLayout|keyboardHidden"
64-->src\main\AndroidManifest.xml:47:13-87
65            android:exported="false" />
65-->src\main\AndroidManifest.xml:46:13-37
66        <activity
66-->src\main\AndroidManifest.xml:49:9-55:90
67            android:name="com.antivol.mobile.LockActivity"
67-->src\main\AndroidManifest.xml:50:13-41
68            android:configChanges="orientation|screenSize|screenLayout|keyboardHidden"
68-->src\main\AndroidManifest.xml:55:13-87
69            android:exported="false"
69-->src\main\AndroidManifest.xml:51:13-37
70            android:showOnLockScreen="true"
70-->src\main\AndroidManifest.xml:54:13-44
71            android:showWhenLocked="true"
71-->src\main\AndroidManifest.xml:52:13-42
72            android:turnScreenOn="true" />
72-->src\main\AndroidManifest.xml:53:13-40
73        <activity
73-->src\main\AndroidManifest.xml:57:9-60:90
74            android:name="com.antivol.mobile.SettingsActivity"
74-->src\main\AndroidManifest.xml:58:13-45
75            android:configChanges="orientation|screenSize|screenLayout|keyboardHidden"
75-->src\main\AndroidManifest.xml:60:13-87
76            android:exported="false" />
76-->src\main\AndroidManifest.xml:59:13-37
77        <activity
77-->src\main\AndroidManifest.xml:62:9-65:90
78            android:name="com.antivol.mobile.AlertesActivity"
78-->src\main\AndroidManifest.xml:63:13-44
79            android:configChanges="orientation|screenSize|screenLayout|keyboardHidden"
79-->src\main\AndroidManifest.xml:65:13-87
80            android:exported="false" />
80-->src\main\AndroidManifest.xml:64:13-37
81        <activity
81-->src\main\AndroidManifest.xml:67:9-70:90
82            android:name="com.antivol.mobile.ProfilActivity"
82-->src\main\AndroidManifest.xml:68:13-43
83            android:configChanges="orientation|screenSize|screenLayout|keyboardHidden"
83-->src\main\AndroidManifest.xml:70:13-87
84            android:exported="false" />
84-->src\main\AndroidManifest.xml:69:13-37
85
86        <receiver
86-->src\main\AndroidManifest.xml:72:9-80:20
87            android:name="com.antivol.mobile.BootReceiver"
87-->src\main\AndroidManifest.xml:73:13-41
88            android:enabled="true"
88-->src\main\AndroidManifest.xml:74:13-35
89            android:exported="false" >
89-->src\main\AndroidManifest.xml:75:13-37
90            <intent-filter>
90-->src\main\AndroidManifest.xml:76:13-79:29
91                <action android:name="android.intent.action.BOOT_COMPLETED" />
91-->src\main\AndroidManifest.xml:77:17-79
91-->src\main\AndroidManifest.xml:77:25-76
92                <action android:name="android.intent.action.QUICKBOOT_POWERON" />
92-->src\main\AndroidManifest.xml:78:17-82
92-->src\main\AndroidManifest.xml:78:25-79
93            </intent-filter>
94        </receiver>
95
96        <service
96-->src\main\AndroidManifest.xml:82:9-86:56
97            android:name="com.antivol.mobile.MonitorService"
97-->src\main\AndroidManifest.xml:83:13-43
98            android:enabled="true"
98-->src\main\AndroidManifest.xml:84:13-35
99            android:exported="false"
99-->src\main\AndroidManifest.xml:85:13-37
100            android:foregroundServiceType="location" />
100-->src\main\AndroidManifest.xml:86:13-53
101        <service
101-->src\main\AndroidManifest.xml:88:9-94:19
102            android:name="com.antivol.mobile.AntivolFirebaseService"
102-->src\main\AndroidManifest.xml:89:13-51
103            android:exported="false" >
103-->src\main\AndroidManifest.xml:90:13-37
104            <intent-filter>
104-->src\main\AndroidManifest.xml:91:13-93:29
105                <action android:name="com.google.firebase.MESSAGING_EVENT" />
105-->src\main\AndroidManifest.xml:92:17-78
105-->src\main\AndroidManifest.xml:92:25-75
106            </intent-filter>
107        </service>
108
109        <receiver
109-->[com.google.firebase:firebase-messaging:24.0.2] AndroidManifest.xml:29:9-40:20
110            android:name="com.google.firebase.iid.FirebaseInstanceIdReceiver"
110-->[com.google.firebase:firebase-messaging:24.0.2] AndroidManifest.xml:30:13-78
111            android:exported="true"
111-->[com.google.firebase:firebase-messaging:24.0.2] AndroidManifest.xml:31:13-36
112            android:permission="com.google.android.c2dm.permission.SEND" >
112-->[com.google.firebase:firebase-messaging:24.0.2] AndroidManifest.xml:32:13-73
113            <intent-filter>
113-->[com.google.firebase:firebase-messaging:24.0.2] AndroidManifest.xml:33:13-35:29
114                <action android:name="com.google.android.c2dm.intent.RECEIVE" />
114-->[com.google.firebase:firebase-messaging:24.0.2] AndroidManifest.xml:34:17-81
114-->[com.google.firebase:firebase-messaging:24.0.2] AndroidManifest.xml:34:25-78
115            </intent-filter>
116
117            <meta-data
117-->[com.google.firebase:firebase-messaging:24.0.2] AndroidManifest.xml:37:13-39:40
118                android:name="com.google.android.gms.cloudmessaging.FINISHED_AFTER_HANDLED"
118-->[com.google.firebase:firebase-messaging:24.0.2] AndroidManifest.xml:38:17-92
119                android:value="true" />
119-->[com.google.firebase:firebase-messaging:24.0.2] AndroidManifest.xml:39:17-37
120        </receiver>
121        <!--
122             FirebaseMessagingService performs security checks at runtime,
123             but set to not exported to explicitly avoid allowing another app to call it.
124        -->
125        <service
125-->[com.google.firebase:firebase-messaging:24.0.2] AndroidManifest.xml:46:9-53:19
126            android:name="com.google.firebase.messaging.FirebaseMessagingService"
126-->[com.google.firebase:firebase-messaging:24.0.2] AndroidManifest.xml:47:13-82
127            android:directBootAware="true"
127-->[com.google.firebase:firebase-messaging:24.0.2] AndroidManifest.xml:48:13-43
128            android:exported="false" >
128-->[com.google.firebase:firebase-messaging:24.0.2] AndroidManifest.xml:49:13-37
129            <intent-filter android:priority="-500" >
129-->src\main\AndroidManifest.xml:91:13-93:29
130                <action android:name="com.google.firebase.MESSAGING_EVENT" />
130-->src\main\AndroidManifest.xml:92:17-78
130-->src\main\AndroidManifest.xml:92:25-75
131            </intent-filter>
132        </service>
133        <service
133-->[com.google.firebase:firebase-messaging:24.0.2] AndroidManifest.xml:54:9-63:19
134            android:name="com.google.firebase.components.ComponentDiscoveryService"
134-->[com.google.firebase:firebase-messaging:24.0.2] AndroidManifest.xml:55:13-84
135            android:directBootAware="true"
135-->[com.google.firebase:firebase-common:21.0.0] AndroidManifest.xml:32:13-43
136            android:exported="false" >
136-->[com.google.firebase:firebase-messaging:24.0.2] AndroidManifest.xml:56:13-37
137            <meta-data
137-->[com.google.firebase:firebase-messaging:24.0.2] AndroidManifest.xml:57:13-59:85
138                android:name="com.google.firebase.components:com.google.firebase.messaging.FirebaseMessagingKtxRegistrar"
138-->[com.google.firebase:firebase-messaging:24.0.2] AndroidManifest.xml:58:17-122
139                android:value="com.google.firebase.components.ComponentRegistrar" />
139-->[com.google.firebase:firebase-messaging:24.0.2] AndroidManifest.xml:59:17-82
140            <meta-data
140-->[com.google.firebase:firebase-messaging:24.0.2] AndroidManifest.xml:60:13-62:85
141                android:name="com.google.firebase.components:com.google.firebase.messaging.FirebaseMessagingRegistrar"
141-->[com.google.firebase:firebase-messaging:24.0.2] AndroidManifest.xml:61:17-119
142                android:value="com.google.firebase.components.ComponentRegistrar" />
142-->[com.google.firebase:firebase-messaging:24.0.2] AndroidManifest.xml:62:17-82
143            <meta-data
143-->[com.google.firebase:firebase-datatransport:18.2.0] AndroidManifest.xml:25:13-27:85
144                android:name="com.google.firebase.components:com.google.firebase.datatransport.TransportRegistrar"
144-->[com.google.firebase:firebase-datatransport:18.2.0] AndroidManifest.xml:26:17-115
145                android:value="com.google.firebase.components.ComponentRegistrar" />
145-->[com.google.firebase:firebase-datatransport:18.2.0] AndroidManifest.xml:27:17-82
146            <meta-data
146-->[com.google.android.gms:play-services-measurement-api:22.1.2] AndroidManifest.xml:37:13-39:85
147                android:name="com.google.firebase.components:com.google.firebase.analytics.connector.internal.AnalyticsConnectorRegistrar"
147-->[com.google.android.gms:play-services-measurement-api:22.1.2] AndroidManifest.xml:38:17-139
148                android:value="com.google.firebase.components.ComponentRegistrar" />
148-->[com.google.android.gms:play-services-measurement-api:22.1.2] AndroidManifest.xml:39:17-82
149            <meta-data
149-->[com.google.firebase:firebase-installations:18.0.0] AndroidManifest.xml:15:13-17:85
150                android:name="com.google.firebase.components:com.google.firebase.installations.FirebaseInstallationsKtxRegistrar"
150-->[com.google.firebase:firebase-installations:18.0.0] AndroidManifest.xml:16:17-130
151                android:value="com.google.firebase.components.ComponentRegistrar" />
151-->[com.google.firebase:firebase-installations:18.0.0] AndroidManifest.xml:17:17-82
152            <meta-data
152-->[com.google.firebase:firebase-installations:18.0.0] AndroidManifest.xml:18:13-20:85
153                android:name="com.google.firebase.components:com.google.firebase.installations.FirebaseInstallationsRegistrar"
153-->[com.google.firebase:firebase-installations:18.0.0] AndroidManifest.xml:19:17-127
154                android:value="com.google.firebase.components.ComponentRegistrar" />
154-->[com.google.firebase:firebase-installations:18.0.0] AndroidManifest.xml:20:17-82
155            <meta-data
155-->[com.google.firebase:firebase-common-ktx:21.0.0] AndroidManifest.xml:12:13-14:85
156                android:name="com.google.firebase.components:com.google.firebase.ktx.FirebaseCommonLegacyRegistrar"
156-->[com.google.firebase:firebase-common-ktx:21.0.0] AndroidManifest.xml:13:17-116
157                android:value="com.google.firebase.components.ComponentRegistrar" />
157-->[com.google.firebase:firebase-common-ktx:21.0.0] AndroidManifest.xml:14:17-82
158            <meta-data
158-->[com.google.firebase:firebase-common:21.0.0] AndroidManifest.xml:35:13-37:85
159                android:name="com.google.firebase.components:com.google.firebase.FirebaseCommonKtxRegistrar"
159-->[com.google.firebase:firebase-common:21.0.0] AndroidManifest.xml:36:17-109
160                android:value="com.google.firebase.components.ComponentRegistrar" />
160-->[com.google.firebase:firebase-common:21.0.0] AndroidManifest.xml:37:17-82
161        </service>
162        <service
162-->[com.google.android.datatransport:transport-backend-cct:3.1.9] AndroidManifest.xml:28:9-34:19
163            android:name="com.google.android.datatransport.runtime.backends.TransportBackendDiscovery"
163-->[com.google.android.datatransport:transport-backend-cct:3.1.9] AndroidManifest.xml:29:13-103
164            android:exported="false" >
164-->[com.google.android.datatransport:transport-backend-cct:3.1.9] AndroidManifest.xml:30:13-37
165            <meta-data
165-->[com.google.android.datatransport:transport-backend-cct:3.1.9] AndroidManifest.xml:31:13-33:39
166                android:name="backend:com.google.android.datatransport.cct.CctBackendFactory"
166-->[com.google.android.datatransport:transport-backend-cct:3.1.9] AndroidManifest.xml:32:17-94
167                android:value="cct" />
167-->[com.google.android.datatransport:transport-backend-cct:3.1.9] AndroidManifest.xml:33:17-36
168        </service>
169        <service
169-->[com.google.android.datatransport:transport-runtime:3.1.9] AndroidManifest.xml:26:9-30:19
170            android:name="com.google.android.datatransport.runtime.scheduling.jobscheduling.JobInfoSchedulerService"
170-->[com.google.android.datatransport:transport-runtime:3.1.9] AndroidManifest.xml:27:13-117
171            android:exported="false"
171-->[com.google.android.datatransport:transport-runtime:3.1.9] AndroidManifest.xml:28:13-37
172            android:permission="android.permission.BIND_JOB_SERVICE" >
172-->[com.google.android.datatransport:transport-runtime:3.1.9] AndroidManifest.xml:29:13-69
173        </service>
174
175        <receiver
175-->[com.google.android.datatransport:transport-runtime:3.1.9] AndroidManifest.xml:32:9-34:40
176            android:name="com.google.android.datatransport.runtime.scheduling.jobscheduling.AlarmManagerSchedulerBroadcastReceiver"
176-->[com.google.android.datatransport:transport-runtime:3.1.9] AndroidManifest.xml:33:13-132
177            android:exported="false" />
177-->[com.google.android.datatransport:transport-runtime:3.1.9] AndroidManifest.xml:34:13-37
178
179        <property
179-->[com.google.android.gms:play-services-measurement-api:22.1.2] AndroidManifest.xml:30:9-32:61
180            android:name="android.adservices.AD_SERVICES_CONFIG"
180-->[com.google.android.gms:play-services-measurement-api:22.1.2] AndroidManifest.xml:31:13-65
181            android:resource="@xml/ga_ad_services_config" />
181-->[com.google.android.gms:play-services-measurement-api:22.1.2] AndroidManifest.xml:32:13-58
182
183        <provider
183-->[com.google.firebase:firebase-common:21.0.0] AndroidManifest.xml:23:9-28:39
184            android:name="com.google.firebase.provider.FirebaseInitProvider"
184-->[com.google.firebase:firebase-common:21.0.0] AndroidManifest.xml:24:13-77
185            android:authorities="com.antivol.mobile.firebaseinitprovider"
185-->[com.google.firebase:firebase-common:21.0.0] AndroidManifest.xml:25:13-72
186            android:directBootAware="true"
186-->[com.google.firebase:firebase-common:21.0.0] AndroidManifest.xml:26:13-43
187            android:exported="false"
187-->[com.google.firebase:firebase-common:21.0.0] AndroidManifest.xml:27:13-37
188            android:initOrder="100" />
188-->[com.google.firebase:firebase-common:21.0.0] AndroidManifest.xml:28:13-36
189
190        <receiver
190-->[com.google.android.gms:play-services-measurement:22.1.2] AndroidManifest.xml:29:9-33:20
191            android:name="com.google.android.gms.measurement.AppMeasurementReceiver"
191-->[com.google.android.gms:play-services-measurement:22.1.2] AndroidManifest.xml:30:13-85
192            android:enabled="true"
192-->[com.google.android.gms:play-services-measurement:22.1.2] AndroidManifest.xml:31:13-35
193            android:exported="false" >
193-->[com.google.android.gms:play-services-measurement:22.1.2] AndroidManifest.xml:32:13-37
194        </receiver>
195
196        <service
196-->[com.google.android.gms:play-services-measurement:22.1.2] AndroidManifest.xml:35:9-38:40
197            android:name="com.google.android.gms.measurement.AppMeasurementService"
197-->[com.google.android.gms:play-services-measurement:22.1.2] AndroidManifest.xml:36:13-84
198            android:enabled="true"
198-->[com.google.android.gms:play-services-measurement:22.1.2] AndroidManifest.xml:37:13-35
199            android:exported="false" />
199-->[com.google.android.gms:play-services-measurement:22.1.2] AndroidManifest.xml:38:13-37
200        <service
200-->[com.google.android.gms:play-services-measurement:22.1.2] AndroidManifest.xml:39:9-43:72
201            android:name="com.google.android.gms.measurement.AppMeasurementJobService"
201-->[com.google.android.gms:play-services-measurement:22.1.2] AndroidManifest.xml:40:13-87
202            android:enabled="true"
202-->[com.google.android.gms:play-services-measurement:22.1.2] AndroidManifest.xml:41:13-35
203            android:exported="false"
203-->[com.google.android.gms:play-services-measurement:22.1.2] AndroidManifest.xml:42:13-37
204            android:permission="android.permission.BIND_JOB_SERVICE" />
204-->[com.google.android.gms:play-services-measurement:22.1.2] AndroidManifest.xml:43:13-69
205
206        <activity
206-->[com.google.android.gms:play-services-base:18.5.0] AndroidManifest.xml:5:9-173
207            android:name="com.google.android.gms.common.api.GoogleApiActivity"
207-->[com.google.android.gms:play-services-base:18.5.0] AndroidManifest.xml:5:19-85
208            android:exported="false"
208-->[com.google.android.gms:play-services-base:18.5.0] AndroidManifest.xml:5:146-170
209            android:theme="@android:style/Theme.Translucent.NoTitleBar" />
209-->[com.google.android.gms:play-services-base:18.5.0] AndroidManifest.xml:5:86-145
210
211        <uses-library
211-->[androidx.privacysandbox.ads:ads-adservices:1.0.0-beta05] AndroidManifest.xml:23:9-25:40
212            android:name="android.ext.adservices"
212-->[androidx.privacysandbox.ads:ads-adservices:1.0.0-beta05] AndroidManifest.xml:24:13-50
213            android:required="false" />
213-->[androidx.privacysandbox.ads:ads-adservices:1.0.0-beta05] AndroidManifest.xml:25:13-37
214
215        <provider
215-->[androidx.emoji2:emoji2:1.3.0] AndroidManifest.xml:24:9-32:20
216            android:name="androidx.startup.InitializationProvider"
216-->[androidx.emoji2:emoji2:1.3.0] AndroidManifest.xml:25:13-67
217            android:authorities="com.antivol.mobile.androidx-startup"
217-->[androidx.emoji2:emoji2:1.3.0] AndroidManifest.xml:26:13-68
218            android:exported="false" >
218-->[androidx.emoji2:emoji2:1.3.0] AndroidManifest.xml:27:13-37
219            <meta-data
219-->[androidx.emoji2:emoji2:1.3.0] AndroidManifest.xml:29:13-31:52
220                android:name="androidx.emoji2.text.EmojiCompatInitializer"
220-->[androidx.emoji2:emoji2:1.3.0] AndroidManifest.xml:30:17-75
221                android:value="androidx.startup" />
221-->[androidx.emoji2:emoji2:1.3.0] AndroidManifest.xml:31:17-49
222            <meta-data
222-->[androidx.lifecycle:lifecycle-process:2.6.2] AndroidManifest.xml:29:13-31:52
223                android:name="androidx.lifecycle.ProcessLifecycleInitializer"
223-->[androidx.lifecycle:lifecycle-process:2.6.2] AndroidManifest.xml:30:17-78
224                android:value="androidx.startup" />
224-->[androidx.lifecycle:lifecycle-process:2.6.2] AndroidManifest.xml:31:17-49
225            <meta-data
225-->[androidx.profileinstaller:profileinstaller:1.4.0] AndroidManifest.xml:29:13-31:52
226                android:name="androidx.profileinstaller.ProfileInstallerInitializer"
226-->[androidx.profileinstaller:profileinstaller:1.4.0] AndroidManifest.xml:30:17-85
227                android:value="androidx.startup" />
227-->[androidx.profileinstaller:profileinstaller:1.4.0] AndroidManifest.xml:31:17-49
228        </provider>
229
230        <meta-data
230-->[com.google.android.gms:play-services-basement:18.4.0] AndroidManifest.xml:6:9-122
231            android:name="com.google.android.gms.version"
231-->[com.google.android.gms:play-services-basement:18.4.0] AndroidManifest.xml:6:20-65
232            android:value="@integer/google_play_services_version" />
232-->[com.google.android.gms:play-services-basement:18.4.0] AndroidManifest.xml:6:66-119
233
234        <receiver
234-->[androidx.profileinstaller:profileinstaller:1.4.0] AndroidManifest.xml:34:9-52:20
235            android:name="androidx.profileinstaller.ProfileInstallReceiver"
235-->[androidx.profileinstaller:profileinstaller:1.4.0] AndroidManifest.xml:35:13-76
236            android:directBootAware="false"
236-->[androidx.profileinstaller:profileinstaller:1.4.0] AndroidManifest.xml:36:13-44
237            android:enabled="true"
237-->[androidx.profileinstaller:profileinstaller:1.4.0] AndroidManifest.xml:37:13-35
238            android:exported="true"
238-->[androidx.profileinstaller:profileinstaller:1.4.0] AndroidManifest.xml:38:13-36
239            android:permission="android.permission.DUMP" >
239-->[androidx.profileinstaller:profileinstaller:1.4.0] AndroidManifest.xml:39:13-57
240            <intent-filter>
240-->[androidx.profileinstaller:profileinstaller:1.4.0] AndroidManifest.xml:40:13-42:29
241                <action android:name="androidx.profileinstaller.action.INSTALL_PROFILE" />
241-->[androidx.profileinstaller:profileinstaller:1.4.0] AndroidManifest.xml:41:17-91
241-->[androidx.profileinstaller:profileinstaller:1.4.0] AndroidManifest.xml:41:25-88
242            </intent-filter>
243            <intent-filter>
243-->[androidx.profileinstaller:profileinstaller:1.4.0] AndroidManifest.xml:43:13-45:29
244                <action android:name="androidx.profileinstaller.action.SKIP_FILE" />
244-->[androidx.profileinstaller:profileinstaller:1.4.0] AndroidManifest.xml:44:17-85
244-->[androidx.profileinstaller:profileinstaller:1.4.0] AndroidManifest.xml:44:25-82
245            </intent-filter>
246            <intent-filter>
246-->[androidx.profileinstaller:profileinstaller:1.4.0] AndroidManifest.xml:46:13-48:29
247                <action android:name="androidx.profileinstaller.action.SAVE_PROFILE" />
247-->[androidx.profileinstaller:profileinstaller:1.4.0] AndroidManifest.xml:47:17-88
247-->[androidx.profileinstaller:profileinstaller:1.4.0] AndroidManifest.xml:47:25-85
248            </intent-filter>
249            <intent-filter>
249-->[androidx.profileinstaller:profileinstaller:1.4.0] AndroidManifest.xml:49:13-51:29
250                <action android:name="androidx.profileinstaller.action.BENCHMARK_OPERATION" />
250-->[androidx.profileinstaller:profileinstaller:1.4.0] AndroidManifest.xml:50:17-95
250-->[androidx.profileinstaller:profileinstaller:1.4.0] AndroidManifest.xml:50:25-92
251            </intent-filter>
252        </receiver>
253    </application>
254
255</manifest>